# JRE version: OpenJDK Runtime Environment Temurin-17.0.8.1+1 (17.0.8.1+1) (build 17.0.8.1+1)
# Java VM: OpenJDK 64-Bit Server VM Temurin-17.0.8.1+1 (17.0.8.1+1, mixed mode, tiered, compressed oops, compressed class ptrs, parallel gc, windows-amd64)
GC Precious Log:
 CPUs: 8 total, 8 available
 Memory: 8053M
 Large Page Support: Disabled
 NUMA Support: Disabled
 Compressed Oops: Enabled (32-bit)
 Alignments: Space 512K, Generation 512K, Heap 2M
 Heap Min Capacity: 100M
 Heap Initial Capacity: 100M
 Heap Max Capacity: 1G
 Pre-touch: Disabled
 Parallel Workers: 8
Heap:
 PSYoungGen      total 17920K, used 12845K [0x00000000eab00000, 0x00000000ebe80000, 0x0000000100000000)
  eden space 16896K, 69% used [0x00000000eab00000,0x00000000eb68bd58,0x00000000ebb80000)
  from space 1024K, 99% used [0x00000000ebc00000,0x00000000ebcff768,0x00000000ebd00000)
  to   space 1536K, 0% used [0x00000000ebd00000,0x00000000ebd00000,0x00000000ebe80000)
 ParOldGen       total 68608K, used 35438K [0x00000000c0000000, 0x00000000c4300000, 0x00000000eab00000)
  object space 68608K, 51% used [0x00000000c0000000,0x00000000c229bb48,0x00000000c4300000)
 Metaspace       used 59018K, committed 60032K, reserved 1114112K
  class space    used 6375K, committed 6848K, reserved 1048576K
GC Heap History (20 events):
Event: 7.559 GC heap after
{Heap after GC invocations=22 (full 2):
 PSYoungGen      total 21504K, used 1888K [0x00000000eab00000, 0x00000000ec300000, 0x0000000100000000)
  eden space 19456K, 0% used [0x00000000eab00000,0x00000000eab00000,0x00000000ebe00000)
  from space 2048K, 92% used [0x00000000ec100000,0x00000000ec2d8000,0x00000000ec300000)
  to   space 2048K, 0% used [0x00000000ebe00000,0x00000000ebe00000,0x00000000ec000000)
 ParOldGen       total 68608K, used 27018K [0x00000000c0000000, 0x00000000c4300000, 0x00000000eab00000)
  object space 68608K, 39% used [0x00000000c0000000,0x00000000c1a62950,0x00000000c4300000)
 Metaspace       used 51256K, committed 52288K, reserved 1114112K
  class space    used 5575K, committed 6080K, reserved 1048576K
}
Event: 7.613 GC heap before
{Heap before GC invocations=23 (full 2):
 PSYoungGen      total 21504K, used 21344K [0x00000000eab00000, 0x00000000ec300000, 0x0000000100000000)
  eden space 19456K, 100% used [0x00000000eab00000,0x00000000ebe00000,0x00000000ebe00000)
  from space 2048K, 92% used [0x00000000ec100000,0x00000000ec2d8000,0x00000000ec300000)
  to   space 2048K, 0% used [0x00000000ebe00000,0x00000000ebe00000,0x00000000ec000000)
 ParOldGen       total 68608K, used 27018K [0x00000000c0000000, 0x00000000c4300000, 0x00000000eab00000)
  object space 68608K, 39% used [0x00000000c0000000,0x00000000c1a62950,0x00000000c4300000)
 Metaspace       used 51256K, committed 52288K, reserved 1114112K
  class space    used 5575K, committed 6080K, reserved 1048576K
}
Event: 7.617 GC heap after
{Heap after GC invocations=23 (full 2):
 PSYoungGen      total 21504K, used 2016K [0x00000000eab00000, 0x00000000ec200000, 0x0000000100000000)
  eden space 19456K, 0% used [0x00000000eab00000,0x00000000eab00000,0x00000000ebe00000)
  from space 2048K, 98% used [0x00000000ebe00000,0x00000000ebff8010,0x00000000ec000000)
  to   space 2048K, 0% used [0x00000000ec000000,0x00000000ec000000,0x00000000ec200000)
 ParOldGen       total 68608K, used 28810K [0x00000000c0000000, 0x00000000c4300000, 0x00000000eab00000)
  object space 68608K, 41% used [0x00000000c0000000,0x00000000c1c22950,0x00000000c4300000)
 Metaspace       used 51256K, committed 52288K, reserved 1114112K
  class space    used 5575K, committed 6080K, reserved 1048576K
}
Event: 8.033 GC heap before
{Heap before GC invocations=24 (full 2):
 PSYoungGen      total 21504K, used 21472K [0x00000000eab00000, 0x00000000ec200000, 0x0000000100000000)
  eden space 19456K, 100% used [0x00000000eab00000,0x00000000ebe00000,0x00000000ebe00000)
  from space 2048K, 98% used [0x00000000ebe00000,0x00000000ebff8010,0x00000000ec000000)
  to   space 2048K, 0% used [0x00000000ec000000,0x00000000ec000000,0x00000000ec200000)
 ParOldGen       total 68608K, used 28810K [0x00000000c0000000, 0x00000000c4300000, 0x00000000eab00000)
  object space 68608K, 41% used [0x00000000c0000000,0x00000000c1c22950,0x00000000c4300000)
 Metaspace       used 51792K, committed 52800K, reserved 1114112K
  class space    used 5621K, committed 6080K, reserved 1048576K
}
Event: 8.038 GC heap after
{Heap after GC invocations=24 (full 2):
 PSYoungGen      total 18944K, used 2048K [0x00000000eab00000, 0x00000000ec700000, 0x0000000100000000)
  eden space 16896K, 0% used [0x00000000eab00000,0x00000000eab00000,0x00000000ebb80000)
  from space 2048K, 100% used [0x00000000ec000000,0x00000000ec200000,0x00000000ec200000)
  to   space 4608K, 0% used [0x00000000ebb80000,0x00000000ebb80000,0x00000000ec000000)
 ParOldGen       total 68608K, used 30710K [0x00000000c0000000, 0x00000000c4300000, 0x00000000eab00000)
  object space 68608K, 44% used [0x00000000c0000000,0x00000000c1dfdb98,0x00000000c4300000)
 Metaspace       used 51792K, committed 52800K, reserved 1114112K
  class space    used 5621K, committed 6080K, reserved 1048576K
}
Event: 8.329 GC heap before
{Heap before GC invocations=25 (full 2):
 PSYoungGen      total 18944K, used 18944K [0x00000000eab00000, 0x00000000ec700000, 0x0000000100000000)
  eden space 16896K, 100% used [0x00000000eab00000,0x00000000ebb80000,0x00000000ebb80000)
  from space 2048K, 100% used [0x00000000ec000000,0x00000000ec200000,0x00000000ec200000)
  to   space 4608K, 0% used [0x00000000ebb80000,0x00000000ebb80000,0x00000000ec000000)
 ParOldGen       total 68608K, used 30710K [0x00000000c0000000, 0x00000000c4300000, 0x00000000eab00000)
  object space 68608K, 44% used [0x00000000c0000000,0x00000000c1dfdb98,0x00000000c4300000)
 Metaspace       used 53767K, committed 54784K, reserved 1114112K
  class space    used 5848K, committed 6272K, reserved 1048576K
}
Event: 8.336 GC heap after
{Heap after GC invocations=25 (full 2):
 PSYoungGen      total 17920K, used 1018K [0x00000000eab00000, 0x00000000ec080000, 0x0000000100000000)
  eden space 16896K, 0% used [0x00000000eab00000,0x00000000eab00000,0x00000000ebb80000)
  from space 1024K, 99% used [0x00000000ebb80000,0x00000000ebc7e958,0x00000000ebc80000)
  to   space 2560K, 0% used [0x00000000ebe00000,0x00000000ebe00000,0x00000000ec080000)
 ParOldGen       total 68608K, used 32713K [0x00000000c0000000, 0x00000000c4300000, 0x00000000eab00000)
  object space 68608K, 47% used [0x00000000c0000000,0x00000000c1ff2770,0x00000000c4300000)
 Metaspace       used 53767K, committed 54784K, reserved 1114112K
  class space    used 5848K, committed 6272K, reserved 1048576K
}
Event: 8.634 GC heap before
{Heap before GC invocations=26 (full 2):
 PSYoungGen      total 17920K, used 17914K [0x00000000eab00000, 0x00000000ec080000, 0x0000000100000000)
  eden space 16896K, 100% used [0x00000000eab00000,0x00000000ebb80000,0x00000000ebb80000)
  from space 1024K, 99% used [0x00000000ebb80000,0x00000000ebc7e958,0x00000000ebc80000)
  to   space 2560K, 0% used [0x00000000ebe00000,0x00000000ebe00000,0x00000000ec080000)
 ParOldGen       total 68608K, used 32713K [0x00000000c0000000, 0x00000000c4300000, 0x00000000eab00000)
  object space 68608K, 47% used [0x00000000c0000000,0x00000000c1ff2770,0x00000000c4300000)
 Metaspace       used 55567K, committed 56640K, reserved 1114112K
  class space    used 6050K, committed 6528K, reserved 1048576K
}
Event: 8.636 GC heap after
{Heap after GC invocations=26 (full 2):
 PSYoungGen      total 17920K, used 856K [0x00000000eab00000, 0x00000000ebf00000, 0x0000000100000000)
  eden space 16896K, 0% used [0x00000000eab00000,0x00000000eab00000,0x00000000ebb80000)
  from space 1024K, 83% used [0x00000000ebe00000,0x00000000ebed60a8,0x00000000ebf00000)
  to   space 1536K, 0% used [0x00000000ebc00000,0x00000000ebc00000,0x00000000ebd80000)
 ParOldGen       total 68608K, used 33341K [0x00000000c0000000, 0x00000000c4300000, 0x00000000eab00000)
  object space 68608K, 48% used [0x00000000c0000000,0x00000000c208f6c0,0x00000000c4300000)
 Metaspace       used 55567K, committed 56640K, reserved 1114112K
  class space    used 6050K, committed 6528K, reserved 1048576K
}
Event: 8.857 GC heap before
{Heap before GC invocations=27 (full 2):
 PSYoungGen      total 17920K, used 17752K [0x00000000eab00000, 0x00000000ebf00000, 0x0000000100000000)
  eden space 16896K, 100% used [0x00000000eab00000,0x00000000ebb80000,0x00000000ebb80000)
  from space 1024K, 83% used [0x00000000ebe00000,0x00000000ebed60a8,0x00000000ebf00000)
  to   space 1536K, 0% used [0x00000000ebc00000,0x00000000ebc00000,0x00000000ebd80000)
 ParOldGen       total 68608K, used 33341K [0x00000000c0000000, 0x00000000c4300000, 0x00000000eab00000)
  object space 68608K, 48% used [0x00000000c0000000,0x00000000c208f6c0,0x00000000c4300000)
 Metaspace       used 56409K, committed 57472K, reserved 1114112K
  class space    used 6141K, committed 6592K, reserved 1048576K
}
Event: 8.858 GC heap after
{Heap after GC invocations=27 (full 2):
 PSYoungGen      total 18432K, used 448K [0x00000000eab00000, 0x00000000ebe80000, 0x0000000100000000)
  eden space 16896K, 0% used [0x00000000eab00000,0x00000000eab00000,0x00000000ebb80000)
  from space 1536K, 29% used [0x00000000ebc00000,0x00000000ebc70010,0x00000000ebd80000)
  to   space 1024K, 0% used [0x00000000ebd80000,0x00000000ebd80000,0x00000000ebe80000)
 ParOldGen       total 68608K, used 34033K [0x00000000c0000000, 0x00000000c4300000, 0x00000000eab00000)
  object space 68608K, 49% used [0x00000000c0000000,0x00000000c213c758,0x00000000c4300000)
 Metaspace       used 56409K, committed 57472K, reserved 1114112K
  class space    used 6141K, committed 6592K, reserved 1048576K
}
Event: 9.026 GC heap before
{Heap before GC invocations=28 (full 2):
 PSYoungGen      total 18432K, used 17344K [0x00000000eab00000, 0x00000000ebe80000, 0x0000000100000000)
  eden space 16896K, 100% used [0x00000000eab00000,0x00000000ebb80000,0x00000000ebb80000)
  from space 1536K, 29% used [0x00000000ebc00000,0x00000000ebc70010,0x00000000ebd80000)
  to   space 1024K, 0% used [0x00000000ebd80000,0x00000000ebd80000,0x00000000ebe80000)
 ParOldGen       total 68608K, used 34033K [0x00000000c0000000, 0x00000000c4300000, 0x00000000eab00000)
  object space 68608K, 49% used [0x00000000c0000000,0x00000000c213c758,0x00000000c4300000)
 Metaspace       used 58133K, committed 59072K, reserved 1114112K
  class space    used 6293K, committed 6720K, reserved 1048576K
}
Event: 9.028 GC heap after
{Heap after GC invocations=28 (full 2):
 PSYoungGen      total 17920K, used 1015K [0x00000000eab00000, 0x00000000ebf80000, 0x0000000100000000)
  eden space 16896K, 0% used [0x00000000eab00000,0x00000000eab00000,0x00000000ebb80000)
  from space 1024K, 99% used [0x00000000ebd80000,0x00000000ebe7df48,0x00000000ebe80000)
  to   space 2048K, 0% used [0x00000000ebb80000,0x00000000ebb80000,0x00000000ebd80000)
 ParOldGen       total 68608K, used 34770K [0x00000000c0000000, 0x00000000c4300000, 0x00000000eab00000)
  object space 68608K, 50% used [0x00000000c0000000,0x00000000c21f4a30,0x00000000c4300000)
 Metaspace       used 58133K, committed 59072K, reserved 1114112K
  class space    used 6293K, committed 6720K, reserved 1048576K
}
Event: 9.140 GC heap before
{Heap before GC invocations=29 (full 2):
 PSYoungGen      total 17920K, used 17911K [0x00000000eab00000, 0x00000000ebf80000, 0x0000000100000000)
  eden space 16896K, 100% used [0x00000000eab00000,0x00000000ebb80000,0x00000000ebb80000)
  from space 1024K, 99% used [0x00000000ebd80000,0x00000000ebe7df48,0x00000000ebe80000)
  to   space 2048K, 0% used [0x00000000ebb80000,0x00000000ebb80000,0x00000000ebd80000)
 ParOldGen       total 68608K, used 34770K [0x00000000c0000000, 0x00000000c4300000, 0x00000000eab00000)
  object space 68608K, 50% used [0x00000000c0000000,0x00000000c21f4a30,0x00000000c4300000)
 Metaspace       used 58726K, committed 59712K, reserved 1114112K
  class space    used 6352K, committed 6784K, reserved 1048576K
}
Event: 9.143 GC heap after
{Heap after GC invocations=29 (full 2):
 PSYoungGen      total 18432K, used 1245K [0x00000000eab00000, 0x00000000ebe80000, 0x0000000100000000)
  eden space 16896K, 0% used [0x00000000eab00000,0x00000000eab00000,0x00000000ebb80000)
  from space 1536K, 81% used [0x00000000ebb80000,0x00000000ebcb7488,0x00000000ebd00000)
  to   space 1536K, 0% used [0x00000000ebd00000,0x00000000ebd00000,0x00000000ebe80000)
 ParOldGen       total 68608K, used 35763K [0x00000000c0000000, 0x00000000c4300000, 0x00000000eab00000)
  object space 68608K, 52% used [0x00000000c0000000,0x00000000c22ecdc8,0x00000000c4300000)
 Metaspace       used 58726K, committed 59712K, reserved 1114112K
  class space    used 6352K, committed 6784K, reserved 1048576K
}
Event: 9.175 GC heap before
{Heap before GC invocations=30 (full 2):
 PSYoungGen      total 18432K, used 5281K [0x00000000eab00000, 0x00000000ebe80000, 0x0000000100000000)
  eden space 16896K, 23% used [0x00000000eab00000,0x00000000eaef12b0,0x00000000ebb80000)
  from space 1536K, 81% used [0x00000000ebb80000,0x00000000ebcb7488,0x00000000ebd00000)
  to   space 1536K, 0% used [0x00000000ebd00000,0x00000000ebd00000,0x00000000ebe80000)
 ParOldGen       total 68608K, used 35763K [0x00000000c0000000, 0x00000000c4300000, 0x00000000eab00000)
  object space 68608K, 52% used [0x00000000c0000000,0x00000000c22ecdc8,0x00000000c4300000)
 Metaspace       used 58796K, committed 59776K, reserved 1114112K
  class space    used 6358K, committed 6784K, reserved 1048576K
}
Event: 9.178 GC heap after
{Heap after GC invocations=30 (full 2):
 PSYoungGen      total 17920K, used 554K [0x00000000eab00000, 0x00000000ebe00000, 0x0000000100000000)
  eden space 16896K, 0% used [0x00000000eab00000,0x00000000eab00000,0x00000000ebb80000)
  from space 1024K, 54% used [0x00000000ebd00000,0x00000000ebd8a9b0,0x00000000ebe00000)
  to   space 1024K, 0% used [0x00000000ebc00000,0x00000000ebc00000,0x00000000ebd00000)
 ParOldGen       total 68608K, used 36856K [0x00000000c0000000, 0x00000000c4300000, 0x00000000eab00000)
  object space 68608K, 53% used [0x00000000c0000000,0x00000000c23fe250,0x00000000c4300000)
 Metaspace       used 58796K, committed 59776K, reserved 1114112K
  class space    used 6358K, committed 6784K, reserved 1048576K
}
Event: 9.178 GC heap before
{Heap before GC invocations=31 (full 3):
 PSYoungGen      total 17920K, used 554K [0x00000000eab00000, 0x00000000ebe00000, 0x0000000100000000)
  eden space 16896K, 0% used [0x00000000eab00000,0x00000000eab00000,0x00000000ebb80000)
  from space 1024K, 54% used [0x00000000ebd00000,0x00000000ebd8a9b0,0x00000000ebe00000)
  to   space 1024K, 0% used [0x00000000ebc00000,0x00000000ebc00000,0x00000000ebd00000)
 ParOldGen       total 68608K, used 36856K [0x00000000c0000000, 0x00000000c4300000, 0x00000000eab00000)
  object space 68608K, 53% used [0x00000000c0000000,0x00000000c23fe250,0x00000000c4300000)
 Metaspace       used 58796K, committed 59776K, reserved 1114112K
  class space    used 6358K, committed 6784K, reserved 1048576K
}
Event: 9.269 GC heap after
{Heap after GC invocations=31 (full 3):
 PSYoungGen      total 17920K, used 0K [0x00000000eab00000, 0x00000000ebe00000, 0x0000000100000000)
  eden space 16896K, 0% used [0x00000000eab00000,0x00000000eab00000,0x00000000ebb80000)
  from space 1024K, 0% used [0x00000000ebd00000,0x00000000ebd00000,0x00000000ebe00000)
  to   space 1024K, 0% used [0x00000000ebc00000,0x00000000ebc00000,0x00000000ebd00000)
 ParOldGen       total 68608K, used 35177K [0x00000000c0000000, 0x00000000c4300000, 0x00000000eab00000)
  object space 68608K, 51% used [0x00000000c0000000,0x00000000c225a608,0x00000000c4300000)
 Metaspace       used 58796K, committed 59776K, reserved 1114112K
  class space    used 6358K, committed 6784K, reserved 1048576K
}
Event: 9.370 GC heap before
{Heap before GC invocations=32 (full 3):
 PSYoungGen      total 17920K, used 16896K [0x00000000eab00000, 0x00000000ebe00000, 0x0000000100000000)
  eden space 16896K, 100% used [0x00000000eab00000,0x00000000ebb80000,0x00000000ebb80000)
  from space 1024K, 0% used [0x00000000ebd00000,0x00000000ebd00000,0x00000000ebe00000)
  to   space 1024K, 0% used [0x00000000ebc00000,0x00000000ebc00000,0x00000000ebd00000)
 ParOldGen       total 68608K, used 35177K [0x00000000c0000000, 0x00000000c4300000, 0x00000000eab00000)
  object space 68608K, 51% used [0x00000000c0000000,0x00000000c225a608,0x00000000c4300000)
 Metaspace       used 58866K, committed 59840K, reserved 1114112K
  class space    used 6364K, committed 6784K, reserved 1048576K
}

