# JRE version: OpenJDK Runtime Environment Temurin-17.0.8.1+1 (17.0.8.1+1) (build 17.0.8.1+1)
# Java VM: OpenJDK 64-Bit Server VM Temurin-17.0.8.1+1 (17.0.8.1+1, mixed mode, tiered, compressed oops, compressed class ptrs, parallel gc, windows-amd64)
GC Precious Log:
 CPUs: 8 total, 8 available
 Memory: 8053M
 Large Page Support: Disabled
 NUMA Support: Disabled
 Compressed Oops: Enabled (32-bit)
 Alignments: Space 512K, Generation 512K, Heap 2M
 Heap Min Capacity: 100M
 Heap Initial Capacity: 100M
 Heap Max Capacity: 1G
 Pre-touch: Disabled
 Parallel Workers: 8
Heap:
 PSYoungGen      total 14336K, used 5919K [0x00000000eab00000, 0x00000000ec180000, 0x0000000100000000)
  eden space 11264K, 25% used [0x00000000eab00000,0x00000000eadcaa80,0x00000000eb600000)
  from space 3072K, 99% used [0x00000000ebe80000,0x00000000ec17d1d8,0x00000000ec180000)
  to   space 5120K, 0% used [0x00000000eb980000,0x00000000eb980000,0x00000000ebe80000)
 ParOldGen       total 112640K, used 99072K [0x00000000c0000000, 0x00000000c6e00000, 0x00000000eab00000)
  object space 112640K, 87% used [0x00000000c0000000,0x00000000c60c02f8,0x00000000c6e00000)
 Metaspace       used 70649K, committed 71744K, reserved 1114112K
  class space    used 7479K, committed 7936K, reserved 1048576K
GC Heap History (20 events):
Event: 17.529 GC heap before
{Heap before GC invocations=43 (full 4):
 PSYoungGen      total 19456K, used 19232K [0x00000000eab00000, 0x00000000ec600000, 0x0000000100000000)
  eden space 11264K, 100% used [0x00000000eab00000,0x00000000eb600000,0x00000000eb600000)
  from space 8192K, 97% used [0x00000000eb600000,0x00000000ebdc8000,0x00000000ebe00000)
  to   space 8192K, 0% used [0x00000000ebe00000,0x00000000ebe00000,0x00000000ec600000)
 ParOldGen       total 91648K, used 79816K [0x00000000c0000000, 0x00000000c5980000, 0x00000000eab00000)
  object space 91648K, 87% used [0x00000000c0000000,0x00000000c4df2090,0x00000000c5980000)
 Metaspace       used 67910K, committed 69120K, reserved 1114112K
  class space    used 7222K, committed 7744K, reserved 1048576K
}
Event: 17.536 GC heap after
{Heap after GC invocations=43 (full 4):
 PSYoungGen      total 17408K, used 5827K [0x00000000eab00000, 0x00000000ec400000, 0x0000000100000000)
  eden space 11264K, 0% used [0x00000000eab00000,0x00000000eab00000,0x00000000eb600000)
  from space 6144K, 94% used [0x00000000ebe00000,0x00000000ec3b0c10,0x00000000ec400000)
  to   space 6656K, 0% used [0x00000000eb700000,0x00000000eb700000,0x00000000ebd80000)
 ParOldGen       total 91648K, used 87712K [0x00000000c0000000, 0x00000000c5980000, 0x00000000eab00000)
  object space 91648K, 95% used [0x00000000c0000000,0x00000000c55a8090,0x00000000c5980000)
 Metaspace       used 67910K, committed 69120K, reserved 1114112K
  class space    used 7222K, committed 7744K, reserved 1048576K
}
Event: 17.536 GC heap before
{Heap before GC invocations=44 (full 5):
 PSYoungGen      total 17408K, used 5827K [0x00000000eab00000, 0x00000000ec400000, 0x0000000100000000)
  eden space 11264K, 0% used [0x00000000eab00000,0x00000000eab00000,0x00000000eb600000)
  from space 6144K, 94% used [0x00000000ebe00000,0x00000000ec3b0c10,0x00000000ec400000)
  to   space 6656K, 0% used [0x00000000eb700000,0x00000000eb700000,0x00000000ebd80000)
 ParOldGen       total 91648K, used 87712K [0x00000000c0000000, 0x00000000c5980000, 0x00000000eab00000)
  object space 91648K, 95% used [0x00000000c0000000,0x00000000c55a8090,0x00000000c5980000)
 Metaspace       used 67910K, committed 69120K, reserved 1114112K
  class space    used 7222K, committed 7744K, reserved 1048576K
}
Event: 17.617 GC heap after
{Heap after GC invocations=44 (full 5):
 PSYoungGen      total 11776K, used 0K [0x00000000eab00000, 0x00000000ec300000, 0x0000000100000000)
  eden space 11264K, 0% used [0x00000000eab00000,0x00000000eab00000,0x00000000eb600000)
  from space 512K, 0% used [0x00000000eb700000,0x00000000eb700000,0x00000000eb780000)
  to   space 6656K, 0% used [0x00000000ebc80000,0x00000000ebc80000,0x00000000ec300000)
 ParOldGen       total 112640K, used 80041K [0x00000000c0000000, 0x00000000c6e00000, 0x00000000eab00000)
  object space 112640K, 71% used [0x00000000c0000000,0x00000000c4e2a578,0x00000000c6e00000)
 Metaspace       used 67910K, committed 69120K, reserved 1114112K
  class space    used 7222K, committed 7744K, reserved 1048576K
}
Event: 5955.945 GC heap before
{Heap before GC invocations=45 (full 5):
 PSYoungGen      total 11776K, used 11264K [0x00000000eab00000, 0x00000000ec300000, 0x0000000100000000)
  eden space 11264K, 100% used [0x00000000eab00000,0x00000000eb600000,0x00000000eb600000)
  from space 512K, 0% used [0x00000000eb700000,0x00000000eb700000,0x00000000eb780000)
  to   space 6656K, 0% used [0x00000000ebc80000,0x00000000ebc80000,0x00000000ec300000)
 ParOldGen       total 112640K, used 80041K [0x00000000c0000000, 0x00000000c6e00000, 0x00000000eab00000)
  object space 112640K, 71% used [0x00000000c0000000,0x00000000c4e2a578,0x00000000c6e00000)
 Metaspace       used 68484K, committed 69568K, reserved 1114112K
  class space    used 7290K, committed 7744K, reserved 1048576K
}
Event: 5955.947 GC heap after
{Heap after GC invocations=45 (full 5):
 PSYoungGen      total 13824K, used 2112K [0x00000000eab00000, 0x00000000ebf00000, 0x0000000100000000)
  eden space 11264K, 0% used [0x00000000eab00000,0x00000000eab00000,0x00000000eb600000)
  from space 2560K, 82% used [0x00000000ebc80000,0x00000000ebe90000,0x00000000ebf00000)
  to   space 4096K, 0% used [0x00000000eb700000,0x00000000eb700000,0x00000000ebb00000)
 ParOldGen       total 112640K, used 80041K [0x00000000c0000000, 0x00000000c6e00000, 0x00000000eab00000)
  object space 112640K, 71% used [0x00000000c0000000,0x00000000c4e2a578,0x00000000c6e00000)
 Metaspace       used 68484K, committed 69568K, reserved 1114112K
  class space    used 7290K, committed 7744K, reserved 1048576K
}
Event: 5957.948 GC heap before
{Heap before GC invocations=46 (full 5):
 PSYoungGen      total 13824K, used 13376K [0x00000000eab00000, 0x00000000ebf00000, 0x0000000100000000)
  eden space 11264K, 100% used [0x00000000eab00000,0x00000000eb600000,0x00000000eb600000)
  from space 2560K, 82% used [0x00000000ebc80000,0x00000000ebe90000,0x00000000ebf00000)
  to   space 4096K, 0% used [0x00000000eb700000,0x00000000eb700000,0x00000000ebb00000)
 ParOldGen       total 112640K, used 80041K [0x00000000c0000000, 0x00000000c6e00000, 0x00000000eab00000)
  object space 112640K, 71% used [0x00000000c0000000,0x00000000c4e2a578,0x00000000c6e00000)
 Metaspace       used 68556K, committed 69632K, reserved 1114112K
  class space    used 7293K, committed 7744K, reserved 1048576K
}
Event: 5957.951 GC heap after
{Heap after GC invocations=46 (full 5):
 PSYoungGen      total 13312K, used 1859K [0x00000000eab00000, 0x00000000ebd00000, 0x0000000100000000)
  eden space 11264K, 0% used [0x00000000eab00000,0x00000000eab00000,0x00000000eb600000)
  from space 2048K, 90% used [0x00000000eb700000,0x00000000eb8d0c10,0x00000000eb900000)
  to   space 2560K, 0% used [0x00000000eba80000,0x00000000eba80000,0x00000000ebd00000)
 ParOldGen       total 112640K, used 82046K [0x00000000c0000000, 0x00000000c6e00000, 0x00000000eab00000)
  object space 112640K, 72% used [0x00000000c0000000,0x00000000c501fa78,0x00000000c6e00000)
 Metaspace       used 68556K, committed 69632K, reserved 1114112K
  class space    used 7293K, committed 7744K, reserved 1048576K
}
Event: 6540.689 GC heap before
{Heap before GC invocations=47 (full 5):
 PSYoungGen      total 13312K, used 13123K [0x00000000eab00000, 0x00000000ebd00000, 0x0000000100000000)
  eden space 11264K, 100% used [0x00000000eab00000,0x00000000eb600000,0x00000000eb600000)
  from space 2048K, 90% used [0x00000000eb700000,0x00000000eb8d0c10,0x00000000eb900000)
  to   space 2560K, 0% used [0x00000000eba80000,0x00000000eba80000,0x00000000ebd00000)
 ParOldGen       total 112640K, used 82046K [0x00000000c0000000, 0x00000000c6e00000, 0x00000000eab00000)
  object space 112640K, 72% used [0x00000000c0000000,0x00000000c501fa78,0x00000000c6e00000)
 Metaspace       used 68754K, committed 69824K, reserved 1114112K
  class space    used 7313K, committed 7744K, reserved 1048576K
}
Event: 6540.691 GC heap after
{Heap after GC invocations=47 (full 5):
 PSYoungGen      total 12288K, used 1008K [0x00000000eab00000, 0x00000000ebb80000, 0x0000000100000000)
  eden space 11264K, 0% used [0x00000000eab00000,0x00000000eab00000,0x00000000eb600000)
  from space 1024K, 98% used [0x00000000eba80000,0x00000000ebb7c010,0x00000000ebb80000)
  to   space 1536K, 0% used [0x00000000eb880000,0x00000000eb880000,0x00000000eba00000)
 ParOldGen       total 112640K, used 82379K [0x00000000c0000000, 0x00000000c6e00000, 0x00000000eab00000)
  object space 112640K, 73% used [0x00000000c0000000,0x00000000c5072ef8,0x00000000c6e00000)
 Metaspace       used 68754K, committed 69824K, reserved 1114112K
  class space    used 7313K, committed 7744K, reserved 1048576K
}
Event: 6540.949 GC heap before
{Heap before GC invocations=48 (full 5):
 PSYoungGen      total 12288K, used 12272K [0x00000000eab00000, 0x00000000ebb80000, 0x0000000100000000)
  eden space 11264K, 100% used [0x00000000eab00000,0x00000000eb600000,0x00000000eb600000)
  from space 1024K, 98% used [0x00000000eba80000,0x00000000ebb7c010,0x00000000ebb80000)
  to   space 1536K, 0% used [0x00000000eb880000,0x00000000eb880000,0x00000000eba00000)
 ParOldGen       total 112640K, used 82379K [0x00000000c0000000, 0x00000000c6e00000, 0x00000000eab00000)
  object space 112640K, 73% used [0x00000000c0000000,0x00000000c5072ef8,0x00000000c6e00000)
 Metaspace       used 69068K, committed 70144K, reserved 1114112K
  class space    used 7344K, committed 7808K, reserved 1048576K
}
Event: 6540.953 GC heap after
{Heap after GC invocations=48 (full 5):
 PSYoungGen      total 12800K, used 1529K [0x00000000eab00000, 0x00000000ebb00000, 0x0000000100000000)
  eden space 11264K, 0% used [0x00000000eab00000,0x00000000eab00000,0x00000000eb600000)
  from space 1536K, 99% used [0x00000000eb880000,0x00000000eb9fe508,0x00000000eba00000)
  to   space 1024K, 0% used [0x00000000eba00000,0x00000000eba00000,0x00000000ebb00000)
 ParOldGen       total 112640K, used 82795K [0x00000000c0000000, 0x00000000c6e00000, 0x00000000eab00000)
  object space 112640K, 73% used [0x00000000c0000000,0x00000000c50daf18,0x00000000c6e00000)
 Metaspace       used 69068K, committed 70144K, reserved 1114112K
  class space    used 7344K, committed 7808K, reserved 1048576K
}
Event: 6541.759 GC heap before
{Heap before GC invocations=49 (full 5):
 PSYoungGen      total 12800K, used 12793K [0x00000000eab00000, 0x00000000ebb00000, 0x0000000100000000)
  eden space 11264K, 99% used [0x00000000eab00000,0x00000000eb5ffff0,0x00000000eb600000)
  from space 1536K, 99% used [0x00000000eb880000,0x00000000eb9fe508,0x00000000eba00000)
  to   space 1024K, 0% used [0x00000000eba00000,0x00000000eba00000,0x00000000ebb00000)
 ParOldGen       total 112640K, used 82795K [0x00000000c0000000, 0x00000000c6e00000, 0x00000000eab00000)
  object space 112640K, 73% used [0x00000000c0000000,0x00000000c50daf18,0x00000000c6e00000)
 Metaspace       used 69192K, committed 70336K, reserved 1114112K
  class space    used 7346K, committed 7808K, reserved 1048576K
}
Event: 6541.762 GC heap after
{Heap after GC invocations=49 (full 5):
 PSYoungGen      total 12288K, used 1018K [0x00000000eab00000, 0x00000000ebc00000, 0x0000000100000000)
  eden space 11264K, 0% used [0x00000000eab00000,0x00000000eab00000,0x00000000eb600000)
  from space 1024K, 99% used [0x00000000eba00000,0x00000000ebafeb00,0x00000000ebb00000)
  to   space 3072K, 0% used [0x00000000eb600000,0x00000000eb600000,0x00000000eb900000)
 ParOldGen       total 112640K, used 84453K [0x00000000c0000000, 0x00000000c6e00000, 0x00000000eab00000)
  object space 112640K, 74% used [0x00000000c0000000,0x00000000c52795b8,0x00000000c6e00000)
 Metaspace       used 69192K, committed 70336K, reserved 1114112K
  class space    used 7346K, committed 7808K, reserved 1048576K
}
Event: 6621.046 GC heap before
{Heap before GC invocations=50 (full 5):
 PSYoungGen      total 12288K, used 12282K [0x00000000eab00000, 0x00000000ebc00000, 0x0000000100000000)
  eden space 11264K, 100% used [0x00000000eab00000,0x00000000eb600000,0x00000000eb600000)
  from space 1024K, 99% used [0x00000000eba00000,0x00000000ebafeb00,0x00000000ebb00000)
  to   space 3072K, 0% used [0x00000000eb600000,0x00000000eb600000,0x00000000eb900000)
 ParOldGen       total 112640K, used 84453K [0x00000000c0000000, 0x00000000c6e00000, 0x00000000eab00000)
  object space 112640K, 74% used [0x00000000c0000000,0x00000000c52795b8,0x00000000c6e00000)
 Metaspace       used 69294K, committed 70464K, reserved 1114112K
  class space    used 7348K, committed 7808K, reserved 1048576K
}
Event: 6621.055 GC heap after
{Heap after GC invocations=50 (full 5):
 PSYoungGen      total 14336K, used 3040K [0x00000000eab00000, 0x00000000ecc00000, 0x0000000100000000)
  eden space 11264K, 0% used [0x00000000eab00000,0x00000000eab00000,0x00000000eb600000)
  from space 3072K, 98% used [0x00000000eb600000,0x00000000eb8f8370,0x00000000eb900000)
  to   space 11264K, 0% used [0x00000000ec100000,0x00000000ec100000,0x00000000ecc00000)
 ParOldGen       total 112640K, used 90968K [0x00000000c0000000, 0x00000000c6e00000, 0x00000000eab00000)
  object space 112640K, 80% used [0x00000000c0000000,0x00000000c58d6168,0x00000000c6e00000)
 Metaspace       used 69294K, committed 70464K, reserved 1114112K
  class space    used 7348K, committed 7808K, reserved 1048576K
}
Event: 6621.346 GC heap before
{Heap before GC invocations=51 (full 5):
 PSYoungGen      total 14336K, used 14304K [0x00000000eab00000, 0x00000000ecc00000, 0x0000000100000000)
  eden space 11264K, 100% used [0x00000000eab00000,0x00000000eb600000,0x00000000eb600000)
  from space 3072K, 98% used [0x00000000eb600000,0x00000000eb8f8370,0x00000000eb900000)
  to   space 11264K, 0% used [0x00000000ec100000,0x00000000ec100000,0x00000000ecc00000)
 ParOldGen       total 112640K, used 90968K [0x00000000c0000000, 0x00000000c6e00000, 0x00000000eab00000)
  object space 112640K, 80% used [0x00000000c0000000,0x00000000c58d6168,0x00000000c6e00000)
 Metaspace       used 69456K, committed 70656K, reserved 1114112K
  class space    used 7350K, committed 7872K, reserved 1048576K
}
Event: 6621.351 GC heap after
{Heap after GC invocations=51 (full 5):
 PSYoungGen      total 13824K, used 2522K [0x00000000eab00000, 0x00000000ec380000, 0x0000000100000000)
  eden space 11264K, 0% used [0x00000000eab00000,0x00000000eab00000,0x00000000eb600000)
  from space 2560K, 98% used [0x00000000ec100000,0x00000000ec376b00,0x00000000ec380000)
  to   space 5120K, 0% used [0x00000000eb980000,0x00000000eb980000,0x00000000ebe80000)
 ParOldGen       total 112640K, used 92608K [0x00000000c0000000, 0x00000000c6e00000, 0x00000000eab00000)
  object space 112640K, 82% used [0x00000000c0000000,0x00000000c5a70168,0x00000000c6e00000)
 Metaspace       used 69456K, committed 70656K, reserved 1114112K
  class space    used 7350K, committed 7872K, reserved 1048576K
}
Event: 8089.012 GC heap before
{Heap before GC invocations=52 (full 5):
 PSYoungGen      total 13824K, used 13768K [0x00000000eab00000, 0x00000000ec380000, 0x0000000100000000)
  eden space 11264K, 99% used [0x00000000eab00000,0x00000000eb5fb5f0,0x00000000eb600000)
  from space 2560K, 98% used [0x00000000ec100000,0x00000000ec376b00,0x00000000ec380000)
  to   space 5120K, 0% used [0x00000000eb980000,0x00000000eb980000,0x00000000ebe80000)
 ParOldGen       total 112640K, used 92608K [0x00000000c0000000, 0x00000000c6e00000, 0x00000000eab00000)
  object space 112640K, 82% used [0x00000000c0000000,0x00000000c5a70168,0x00000000c6e00000)
 Metaspace       used 69740K, committed 70848K, reserved 1114112K
  class space    used 7355K, committed 7872K, reserved 1048576K
}
Event: 8089.016 GC heap after
{Heap after GC invocations=52 (full 5):
 PSYoungGen      total 16384K, used 4850K [0x00000000eab00000, 0x00000000ec180000, 0x0000000100000000)
  eden space 11264K, 0% used [0x00000000eab00000,0x00000000eab00000,0x00000000eb600000)
  from space 5120K, 94% used [0x00000000eb980000,0x00000000ebe3c898,0x00000000ebe80000)
  to   space 3072K, 0% used [0x00000000ebe80000,0x00000000ebe80000,0x00000000ec180000)
 ParOldGen       total 112640K, used 92616K [0x00000000c0000000, 0x00000000c6e00000, 0x00000000eab00000)
  object space 112640K, 82% used [0x00000000c0000000,0x00000000c5a72168,0x00000000c6e00000)
 Metaspace       used 69740K, committed 70848K, reserved 1114112K
  class space    used 7355K, committed 7872K, reserved 1048576K
}

