# JRE version: OpenJDK Runtime Environment Temurin-17.0.8.1+1 (17.0.8.1+1) (build 17.0.8.1+1)
# Java VM: OpenJDK 64-Bit Server VM Temurin-17.0.8.1+1 (17.0.8.1+1, mixed mode, tiered, compressed oops, compressed class ptrs, parallel gc, windows-amd64)
GC Precious Log:
 CPUs: 8 total, 8 available
 Memory: 8053M
 Large Page Support: Disabled
 NUMA Support: Disabled
 Compressed Oops: Enabled (32-bit)
 Alignments: Space 512K, Generation 512K, Heap 2M
 Heap Min Capacity: 100M
 Heap Initial Capacity: 100M
 Heap Max Capacity: 1G
 Pre-touch: Disabled
 Parallel Workers: 8
Heap:
 PSYoungGen      total 20480K, used 13750K [0x00000000eab00000, 0x00000000ec100000, 0x0000000100000000)
  eden space 18944K, 66% used [0x00000000eab00000,0x00000000eb7419f0,0x00000000ebd80000)
  from space 1536K, 78% used [0x00000000ebf80000,0x00000000ec0ac178,0x00000000ec100000)
  to   space 1536K, 0% used [0x00000000ebe00000,0x00000000ebe00000,0x00000000ebf80000)
 ParOldGen       total 68608K, used 36653K [0x00000000c0000000, 0x00000000c4300000, 0x00000000eab00000)
  object space 68608K, 53% used [0x00000000c0000000,0x00000000c23cb5f8,0x00000000c4300000)
 Metaspace       used 58466K, committed 59392K, reserved 1114112K
  class space    used 6324K, committed 6720K, reserved 1048576K
GC Heap History (20 events):
Event: 14.649 GC heap before
{Heap before GC invocations=21 (full 2):
 PSYoungGen      total 21504K, used 21472K [0x00000000eab00000, 0x00000000ec980000, 0x0000000100000000)
  eden space 19456K, 100% used [0x00000000eab00000,0x00000000ebe00000,0x00000000ebe00000)
  from space 2048K, 98% used [0x00000000ec280000,0x00000000ec478020,0x00000000ec480000)
  to   space 4608K, 0% used [0x00000000ebe00000,0x00000000ebe00000,0x00000000ec280000)
 ParOldGen       total 68608K, used 23900K [0x00000000c0000000, 0x00000000c4300000, 0x00000000eab00000)
  object space 68608K, 34% used [0x00000000c0000000,0x00000000c1757008,0x00000000c4300000)
 Metaspace       used 51512K, committed 52480K, reserved 1114112K
  class space    used 5594K, committed 6016K, reserved 1048576K
}
Event: 14.651 GC heap after
{Heap after GC invocations=21 (full 2):
 PSYoungGen      total 21504K, used 1792K [0x00000000eab00000, 0x00000000ec400000, 0x0000000100000000)
  eden space 19456K, 0% used [0x00000000eab00000,0x00000000eab00000,0x00000000ebe00000)
  from space 2048K, 87% used [0x00000000ebe00000,0x00000000ebfc0000,0x00000000ec000000)
  to   space 3072K, 0% used [0x00000000ec100000,0x00000000ec100000,0x00000000ec400000)
 ParOldGen       total 68608K, used 25904K [0x00000000c0000000, 0x00000000c4300000, 0x00000000eab00000)
  object space 68608K, 37% used [0x00000000c0000000,0x00000000c194c138,0x00000000c4300000)
 Metaspace       used 51512K, committed 52480K, reserved 1114112K
  class space    used 5594K, committed 6016K, reserved 1048576K
}
Event: 14.679 GC heap before
{Heap before GC invocations=22 (full 2):
 PSYoungGen      total 21504K, used 21248K [0x00000000eab00000, 0x00000000ec400000, 0x0000000100000000)
  eden space 19456K, 100% used [0x00000000eab00000,0x00000000ebe00000,0x00000000ebe00000)
  from space 2048K, 87% used [0x00000000ebe00000,0x00000000ebfc0000,0x00000000ec000000)
  to   space 3072K, 0% used [0x00000000ec100000,0x00000000ec100000,0x00000000ec400000)
 ParOldGen       total 68608K, used 25904K [0x00000000c0000000, 0x00000000c4300000, 0x00000000eab00000)
  object space 68608K, 37% used [0x00000000c0000000,0x00000000c194c138,0x00000000c4300000)
 Metaspace       used 51512K, committed 52480K, reserved 1114112K
  class space    used 5594K, committed 6016K, reserved 1048576K
}
Event: 14.682 GC heap after
{Heap after GC invocations=22 (full 2):
 PSYoungGen      total 21504K, used 1888K [0x00000000eab00000, 0x00000000ec300000, 0x0000000100000000)
  eden space 19456K, 0% used [0x00000000eab00000,0x00000000eab00000,0x00000000ebe00000)
  from space 2048K, 92% used [0x00000000ec100000,0x00000000ec2d8000,0x00000000ec300000)
  to   space 2048K, 0% used [0x00000000ebe00000,0x00000000ebe00000,0x00000000ec000000)
 ParOldGen       total 68608K, used 27616K [0x00000000c0000000, 0x00000000c4300000, 0x00000000eab00000)
  object space 68608K, 40% used [0x00000000c0000000,0x00000000c1af8138,0x00000000c4300000)
 Metaspace       used 51512K, committed 52480K, reserved 1114112K
  class space    used 5594K, committed 6016K, reserved 1048576K
}
Event: 14.705 GC heap before
{Heap before GC invocations=23 (full 2):
 PSYoungGen      total 21504K, used 21344K [0x00000000eab00000, 0x00000000ec300000, 0x0000000100000000)
  eden space 19456K, 100% used [0x00000000eab00000,0x00000000ebe00000,0x00000000ebe00000)
  from space 2048K, 92% used [0x00000000ec100000,0x00000000ec2d8000,0x00000000ec300000)
  to   space 2048K, 0% used [0x00000000ebe00000,0x00000000ebe00000,0x00000000ec000000)
 ParOldGen       total 68608K, used 27616K [0x00000000c0000000, 0x00000000c4300000, 0x00000000eab00000)
  object space 68608K, 40% used [0x00000000c0000000,0x00000000c1af8138,0x00000000c4300000)
 Metaspace       used 51512K, committed 52480K, reserved 1114112K
  class space    used 5594K, committed 6016K, reserved 1048576K
}
Event: 14.710 GC heap after
{Heap after GC invocations=23 (full 2):
 PSYoungGen      total 21504K, used 1984K [0x00000000eab00000, 0x00000000ec200000, 0x0000000100000000)
  eden space 19456K, 0% used [0x00000000eab00000,0x00000000eab00000,0x00000000ebe00000)
  from space 2048K, 96% used [0x00000000ebe00000,0x00000000ebff0010,0x00000000ec000000)
  to   space 2048K, 0% used [0x00000000ec000000,0x00000000ec000000,0x00000000ec200000)
 ParOldGen       total 68608K, used 29392K [0x00000000c0000000, 0x00000000c4300000, 0x00000000eab00000)
  object space 68608K, 42% used [0x00000000c0000000,0x00000000c1cb4138,0x00000000c4300000)
 Metaspace       used 51512K, committed 52480K, reserved 1114112K
  class space    used 5594K, committed 6016K, reserved 1048576K
}
Event: 15.162 GC heap before
{Heap before GC invocations=24 (full 2):
 PSYoungGen      total 21504K, used 21439K [0x00000000eab00000, 0x00000000ec200000, 0x0000000100000000)
  eden space 19456K, 99% used [0x00000000eab00000,0x00000000ebdffe00,0x00000000ebe00000)
  from space 2048K, 96% used [0x00000000ebe00000,0x00000000ebff0010,0x00000000ec000000)
  to   space 2048K, 0% used [0x00000000ec000000,0x00000000ec000000,0x00000000ec200000)
 ParOldGen       total 68608K, used 29392K [0x00000000c0000000, 0x00000000c4300000, 0x00000000eab00000)
  object space 68608K, 42% used [0x00000000c0000000,0x00000000c1cb4138,0x00000000c4300000)
 Metaspace       used 52373K, committed 53312K, reserved 1114112K
  class space    used 5667K, committed 6080K, reserved 1048576K
}
Event: 15.165 GC heap after
{Heap after GC invocations=24 (full 2):
 PSYoungGen      total 20992K, used 2041K [0x00000000eab00000, 0x00000000ec300000, 0x0000000100000000)
  eden space 18944K, 0% used [0x00000000eab00000,0x00000000eab00000,0x00000000ebd80000)
  from space 2048K, 99% used [0x00000000ec000000,0x00000000ec1fe460,0x00000000ec200000)
  to   space 2560K, 0% used [0x00000000ebd80000,0x00000000ebd80000,0x00000000ec000000)
 ParOldGen       total 68608K, used 31254K [0x00000000c0000000, 0x00000000c4300000, 0x00000000eab00000)
  object space 68608K, 45% used [0x00000000c0000000,0x00000000c1e859c8,0x00000000c4300000)
 Metaspace       used 52373K, committed 53312K, reserved 1114112K
  class space    used 5667K, committed 6080K, reserved 1048576K
}
Event: 15.353 GC heap before
{Heap before GC invocations=25 (full 2):
 PSYoungGen      total 20992K, used 20985K [0x00000000eab00000, 0x00000000ec300000, 0x0000000100000000)
  eden space 18944K, 100% used [0x00000000eab00000,0x00000000ebd80000,0x00000000ebd80000)
  from space 2048K, 99% used [0x00000000ec000000,0x00000000ec1fe460,0x00000000ec200000)
  to   space 2560K, 0% used [0x00000000ebd80000,0x00000000ebd80000,0x00000000ec000000)
 ParOldGen       total 68608K, used 31260K [0x00000000c0000000, 0x00000000c4300000, 0x00000000eab00000)
  object space 68608K, 45% used [0x00000000c0000000,0x00000000c1e87360,0x00000000c4300000)
 Metaspace       used 54557K, committed 55488K, reserved 1114112K
  class space    used 5941K, committed 6336K, reserved 1048576K
}
Event: 15.356 GC heap after
{Heap after GC invocations=25 (full 2):
 PSYoungGen      total 19968K, used 976K [0x00000000eab00000, 0x00000000ec100000, 0x0000000100000000)
  eden space 18944K, 0% used [0x00000000eab00000,0x00000000eab00000,0x00000000ebd80000)
  from space 1024K, 95% used [0x00000000ebd80000,0x00000000ebe74180,0x00000000ebe80000)
  to   space 1536K, 0% used [0x00000000ebf80000,0x00000000ebf80000,0x00000000ec100000)
 ParOldGen       total 68608K, used 33186K [0x00000000c0000000, 0x00000000c4300000, 0x00000000eab00000)
  object space 68608K, 48% used [0x00000000c0000000,0x00000000c2068b10,0x00000000c4300000)
 Metaspace       used 54557K, committed 55488K, reserved 1114112K
  class space    used 5941K, committed 6336K, reserved 1048576K
}
Event: 15.682 GC heap before
{Heap before GC invocations=26 (full 2):
 PSYoungGen      total 19968K, used 19920K [0x00000000eab00000, 0x00000000ec100000, 0x0000000100000000)
  eden space 18944K, 100% used [0x00000000eab00000,0x00000000ebd80000,0x00000000ebd80000)
  from space 1024K, 95% used [0x00000000ebd80000,0x00000000ebe74180,0x00000000ebe80000)
  to   space 1536K, 0% used [0x00000000ebf80000,0x00000000ebf80000,0x00000000ec100000)
 ParOldGen       total 68608K, used 33194K [0x00000000c0000000, 0x00000000c4300000, 0x00000000eab00000)
  object space 68608K, 48% used [0x00000000c0000000,0x00000000c206ab08,0x00000000c4300000)
 Metaspace       used 55969K, committed 56960K, reserved 1114112K
  class space    used 6092K, committed 6528K, reserved 1048576K
}
Event: 15.683 GC heap after
{Heap after GC invocations=26 (full 2):
 PSYoungGen      total 19968K, used 512K [0x00000000eab00000, 0x00000000ec080000, 0x0000000100000000)
  eden space 18944K, 0% used [0x00000000eab00000,0x00000000eab00000,0x00000000ebd80000)
  from space 1024K, 50% used [0x00000000ebf80000,0x00000000ec000010,0x00000000ec080000)
  to   space 1024K, 0% used [0x00000000ebd80000,0x00000000ebd80000,0x00000000ebe80000)
 ParOldGen       total 68608K, used 33913K [0x00000000c0000000, 0x00000000c4300000, 0x00000000eab00000)
  object space 68608K, 49% used [0x00000000c0000000,0x00000000c211e530,0x00000000c4300000)
 Metaspace       used 55969K, committed 56960K, reserved 1114112K
  class space    used 6092K, committed 6528K, reserved 1048576K
}
Event: 15.936 GC heap before
{Heap before GC invocations=27 (full 2):
 PSYoungGen      total 19968K, used 19401K [0x00000000eab00000, 0x00000000ec080000, 0x0000000100000000)
  eden space 18944K, 99% used [0x00000000eab00000,0x00000000ebd72630,0x00000000ebd80000)
  from space 1024K, 50% used [0x00000000ebf80000,0x00000000ec000010,0x00000000ec080000)
  to   space 1024K, 0% used [0x00000000ebd80000,0x00000000ebd80000,0x00000000ebe80000)
 ParOldGen       total 68608K, used 33913K [0x00000000c0000000, 0x00000000c4300000, 0x00000000eab00000)
  object space 68608K, 49% used [0x00000000c0000000,0x00000000c211e530,0x00000000c4300000)
 Metaspace       used 57603K, committed 58624K, reserved 1114112K
  class space    used 6237K, committed 6656K, reserved 1048576K
}
Event: 15.938 GC heap after
{Heap after GC invocations=27 (full 2):
 PSYoungGen      total 19968K, used 997K [0x00000000eab00000, 0x00000000ec280000, 0x0000000100000000)
  eden space 18944K, 0% used [0x00000000eab00000,0x00000000eab00000,0x00000000ebd80000)
  from space 1024K, 97% used [0x00000000ebd80000,0x00000000ebe79470,0x00000000ebe80000)
  to   space 2560K, 0% used [0x00000000ec000000,0x00000000ec000000,0x00000000ec280000)
 ParOldGen       total 68608K, used 34844K [0x00000000c0000000, 0x00000000c4300000, 0x00000000eab00000)
  object space 68608K, 50% used [0x00000000c0000000,0x00000000c2207120,0x00000000c4300000)
 Metaspace       used 57603K, committed 58624K, reserved 1114112K
  class space    used 6237K, committed 6656K, reserved 1048576K
}
Event: 16.050 GC heap before
{Heap before GC invocations=28 (full 2):
 PSYoungGen      total 19968K, used 19941K [0x00000000eab00000, 0x00000000ec280000, 0x0000000100000000)
  eden space 18944K, 100% used [0x00000000eab00000,0x00000000ebd80000,0x00000000ebd80000)
  from space 1024K, 97% used [0x00000000ebd80000,0x00000000ebe79470,0x00000000ebe80000)
  to   space 2560K, 0% used [0x00000000ec000000,0x00000000ec000000,0x00000000ec280000)
 ParOldGen       total 68608K, used 34844K [0x00000000c0000000, 0x00000000c4300000, 0x00000000eab00000)
  object space 68608K, 50% used [0x00000000c0000000,0x00000000c2207120,0x00000000c4300000)
 Metaspace       used 58185K, committed 59200K, reserved 1114112K
  class space    used 6296K, committed 6720K, reserved 1048576K
}
Event: 16.053 GC heap after
{Heap after GC invocations=28 (full 2):
 PSYoungGen      total 19968K, used 1000K [0x00000000eab00000, 0x00000000ec100000, 0x0000000100000000)
  eden space 18944K, 0% used [0x00000000eab00000,0x00000000eab00000,0x00000000ebd80000)
  from space 1024K, 97% used [0x00000000ec000000,0x00000000ec0fa260,0x00000000ec100000)
  to   space 1536K, 0% used [0x00000000ebe00000,0x00000000ebe00000,0x00000000ebf80000)
 ParOldGen       total 68608K, used 35551K [0x00000000c0000000, 0x00000000c4300000, 0x00000000eab00000)
  object space 68608K, 51% used [0x00000000c0000000,0x00000000c22b7d10,0x00000000c4300000)
 Metaspace       used 58185K, committed 59200K, reserved 1114112K
  class space    used 6296K, committed 6720K, reserved 1048576K
}
Event: 16.195 GC heap before
{Heap before GC invocations=29 (full 2):
 PSYoungGen      total 19968K, used 19944K [0x00000000eab00000, 0x00000000ec100000, 0x0000000100000000)
  eden space 18944K, 100% used [0x00000000eab00000,0x00000000ebd80000,0x00000000ebd80000)
  from space 1024K, 97% used [0x00000000ec000000,0x00000000ec0fa260,0x00000000ec100000)
  to   space 1536K, 0% used [0x00000000ebe00000,0x00000000ebe00000,0x00000000ebf80000)
 ParOldGen       total 68608K, used 35551K [0x00000000c0000000, 0x00000000c4300000, 0x00000000eab00000)
  object space 68608K, 51% used [0x00000000c0000000,0x00000000c22b7d10,0x00000000c4300000)
 Metaspace       used 58353K, committed 59328K, reserved 1114112K
  class space    used 6315K, committed 6720K, reserved 1048576K
}
Event: 16.197 GC heap after
{Heap after GC invocations=29 (full 2):
 PSYoungGen      total 20480K, used 1520K [0x00000000eab00000, 0x00000000ec180000, 0x0000000100000000)
  eden space 18944K, 0% used [0x00000000eab00000,0x00000000eab00000,0x00000000ebd80000)
  from space 1536K, 98% used [0x00000000ebe00000,0x00000000ebf7c110,0x00000000ebf80000)
  to   space 2048K, 0% used [0x00000000ebf80000,0x00000000ebf80000,0x00000000ec180000)
 ParOldGen       total 68608K, used 35893K [0x00000000c0000000, 0x00000000c4300000, 0x00000000eab00000)
  object space 68608K, 52% used [0x00000000c0000000,0x00000000c230d5e8,0x00000000c4300000)
 Metaspace       used 58353K, committed 59328K, reserved 1114112K
  class space    used 6315K, committed 6720K, reserved 1048576K
}
Event: 16.284 GC heap before
{Heap before GC invocations=30 (full 2):
 PSYoungGen      total 20480K, used 20464K [0x00000000eab00000, 0x00000000ec180000, 0x0000000100000000)
  eden space 18944K, 100% used [0x00000000eab00000,0x00000000ebd80000,0x00000000ebd80000)
  from space 1536K, 98% used [0x00000000ebe00000,0x00000000ebf7c110,0x00000000ebf80000)
  to   space 2048K, 0% used [0x00000000ebf80000,0x00000000ebf80000,0x00000000ec180000)
 ParOldGen       total 68608K, used 35893K [0x00000000c0000000, 0x00000000c4300000, 0x00000000eab00000)
  object space 68608K, 52% used [0x00000000c0000000,0x00000000c230d5e8,0x00000000c4300000)
 Metaspace       used 58455K, committed 59392K, reserved 1114112K
  class space    used 6322K, committed 6720K, reserved 1048576K
}
Event: 16.286 GC heap after
{Heap after GC invocations=30 (full 2):
 PSYoungGen      total 20480K, used 1200K [0x00000000eab00000, 0x00000000ec100000, 0x0000000100000000)
  eden space 18944K, 0% used [0x00000000eab00000,0x00000000eab00000,0x00000000ebd80000)
  from space 1536K, 78% used [0x00000000ebf80000,0x00000000ec0ac178,0x00000000ec100000)
  to   space 1536K, 0% used [0x00000000ebe00000,0x00000000ebe00000,0x00000000ebf80000)
 ParOldGen       total 68608K, used 36653K [0x00000000c0000000, 0x00000000c4300000, 0x00000000eab00000)
  object space 68608K, 53% used [0x00000000c0000000,0x00000000c23cb5f8,0x00000000c4300000)
 Metaspace       used 58455K, committed 59392K, reserved 1114112K
  class space    used 6322K, committed 6720K, reserved 1048576K
}

